Searching for include files...
Searching for example files...
Searching for images...
Searching for dot files...
Searching for msc files...
Searching for files to exclude
Searching for files to process...
Searching for files in directory /home/jumbo/jamal/project/CoAP/tinyos-release/support/sdk/c/coap
Searching for files in directory /home/jumbo/jamal/project/CoAP/tinyos-release/support/sdk/c/coap/examples
Reading and parsing tag files
Preprocessing /home/jumbo/jamal/project/CoAP/tinyos-release/support/sdk/c/coap/coap.h...
Parsing file /home/jumbo/jamal/project/CoAP/tinyos-release/support/sdk/c/coap/coap.h...
Preprocessing /home/jumbo/jamal/project/CoAP/tinyos-release/support/sdk/c/coap/config.h...
Parsing file /home/jumbo/jamal/project/CoAP/tinyos-release/support/sdk/c/coap/config.h...
Preprocessing /home/jumbo/jamal/project/CoAP/tinyos-release/support/sdk/c/coap/debug.c...
Parsing file /home/jumbo/jamal/project/CoAP/tinyos-release/support/sdk/c/coap/debug.c...
Preprocessing /home/jumbo/jamal/project/CoAP/tinyos-release/support/sdk/c/coap/debug.h...
Parsing file /home/jumbo/jamal/project/CoAP/tinyos-release/support/sdk/c/coap/debug.h...
Preprocessing /home/jumbo/jamal/project/CoAP/tinyos-release/support/sdk/c/coap/encode.c...
Parsing file /home/jumbo/jamal/project/CoAP/tinyos-release/support/sdk/c/coap/encode.c...
Preprocessing /home/jumbo/jamal/project/CoAP/tinyos-release/support/sdk/c/coap/encode.h...
Parsing file /home/jumbo/jamal/project/CoAP/tinyos-release/support/sdk/c/coap/encode.h...
Preprocessing /home/jumbo/jamal/project/CoAP/tinyos-release/support/sdk/c/coap/list.c...
Parsing file /home/jumbo/jamal/project/CoAP/tinyos-release/support/sdk/c/coap/list.c...
Preprocessing /home/jumbo/jamal/project/CoAP/tinyos-release/support/sdk/c/coap/list.h...
Parsing file /home/jumbo/jamal/project/CoAP/tinyos-release/support/sdk/c/coap/list.h...
Preprocessing /home/jumbo/jamal/project/CoAP/tinyos-release/support/sdk/c/coap/mem.h...
Parsing file /home/jumbo/jamal/project/CoAP/tinyos-release/support/sdk/c/coap/mem.h...
Preprocessing /home/jumbo/jamal/project/CoAP/tinyos-release/support/sdk/c/coap/net.c...
Parsing file /home/jumbo/jamal/project/CoAP/tinyos-release/support/sdk/c/coap/net.c...
Preprocessing /home/jumbo/jamal/project/CoAP/tinyos-release/support/sdk/c/coap/net.h...
Parsing file /home/jumbo/jamal/project/CoAP/tinyos-release/support/sdk/c/coap/net.h...
Preprocessing /home/jumbo/jamal/project/CoAP/tinyos-release/support/sdk/c/coap/pdu.c...
Parsing file /home/jumbo/jamal/project/CoAP/tinyos-release/support/sdk/c/coap/pdu.c...
Preprocessing /home/jumbo/jamal/project/CoAP/tinyos-release/support/sdk/c/coap/pdu.h...
Parsing file /home/jumbo/jamal/project/CoAP/tinyos-release/support/sdk/c/coap/pdu.h...
Preprocessing /home/jumbo/jamal/project/CoAP/tinyos-release/support/sdk/c/coap/str.c...
Parsing file /home/jumbo/jamal/project/CoAP/tinyos-release/support/sdk/c/coap/str.c...
Preprocessing /home/jumbo/jamal/project/CoAP/tinyos-release/support/sdk/c/coap/str.h...
Parsing file /home/jumbo/jamal/project/CoAP/tinyos-release/support/sdk/c/coap/str.h...
Preprocessing /home/jumbo/jamal/project/CoAP/tinyos-release/support/sdk/c/coap/subscribe.c...
Parsing file /home/jumbo/jamal/project/CoAP/tinyos-release/support/sdk/c/coap/subscribe.c...
Preprocessing /home/jumbo/jamal/project/CoAP/tinyos-release/support/sdk/c/coap/subscribe.h...
Parsing file /home/jumbo/jamal/project/CoAP/tinyos-release/support/sdk/c/coap/subscribe.h...
Preprocessing /home/jumbo/jamal/project/CoAP/tinyos-release/support/sdk/c/coap/uri.c...
Parsing file /home/jumbo/jamal/project/CoAP/tinyos-release/support/sdk/c/coap/uri.c...
Preprocessing /home/jumbo/jamal/project/CoAP/tinyos-release/support/sdk/c/coap/uri.h...
Parsing file /home/jumbo/jamal/project/CoAP/tinyos-release/support/sdk/c/coap/uri.h...
Preprocessing /home/jumbo/jamal/project/CoAP/tinyos-release/support/sdk/c/coap/examples/client.c...
Parsing file /home/jumbo/jamal/project/CoAP/tinyos-release/support/sdk/c/coap/examples/client.c...
Preprocessing /home/jumbo/jamal/project/CoAP/tinyos-release/support/sdk/c/co/home/jumbo/jamal/project/CoAP/tinyos-release/support/sdk/c/coap/pdu.h:161: warning: Compound coap_opt_t is not documented.
/home/jumbo/jamal/project/CoAP/tinyos-release/support/sdk/c/coap/net.h:38: warning: Compound coap_listnode is not documented.
/home/jumbo/jamal/project/CoAP/tinyos-release/support/sdk/c/coap/subscribe.h:69: warning: Compound coap_subscription_t is not documented.
/home/jumbo/jamal/project/CoAP/tinyos-release/support/sdk/c/coap/str.h:25: warning: Compound str is not documented.
/home/jumbo/jamal/project/CoAP/tinyos-release/support/sdk/c/coap/pdu.h:137: warning: Compound coap_hdr_t is not documented.
/home/jumbo/jamal/project/CoAP/tinyos-release/support/sdk/c/coap/subscribe.h:36: warning: Compound coap_resource_t is not documented.
/home/jumbo/jamal/project/CoAP/tinyos-release/support/sdk/c/coap/uri.h:25: warning: Compound coap_uri_t is not documented.
/home/jumbo/jamal/project/CoAP/tinyos-release/support/sdk/c/coap/list.h:23: warning: Compound coap_linkedlistnode is not documented.
/home/jumbo/jamal/project/CoAP/tinyos-release/support/sdk/c/coap/net.h:67: warning: Compound coap_context_t is not documented.
ap/examples/server.c...
Parsing file /home/jumbo/jamal/project/CoAP/tinyos-release/support/sdk/c/coap/examples/server.c...
Preprocessing /home/jumbo/jamal/project/CoAP/tinyos-release/support/sdk/c/coap/examples/tiny.c...
Parsing file /home/jumbo/jamal/project/CoAP/tinyos-release/support/sdk/c/coap/examples/tiny.c...
Building group list...
Building directory list...
Building namespace list...
Building file list...
Building class list...
Associating documentation with classes...
Computing nesting relations for classes...
Building example list...
Searching for enumerations...
Searching for documented typedefs...
Searching for members imported via using declarations...
Searching for included using directives...
Searching for documented variables...
Building member list...
Searching for friends...
Searching for documented defines...
Computing class inheritance relations...
Computing class usage relations...
Flushing cached template relations that have become invalid...
Creating members for template instances...
Computing class relations...
Add enum values to enums...
Searching for member function documentation...
Building page list...
Search for main page...
Computing page relations...
Determining the scope of groups...
Sorting lists...
Freeing entry tree
Determining which enums are documented
Computing member relations...
Building full member lists recursively...
Adding members to member groups.
Computing member references...
Inheriting documentation...
Generating disk names...
Adding source references...
Adding xrefitems...
Sorting member lists...
Generating citations page...
Counting data structures...
Resolving user defined references...
Finding anchors and sections in the documentation...
Combining using relations...
Adding members to index pages...
Generating style sheet...
Generating search indices...
Generating example documentation...
Generating file sources...
Generating code for file /home/jumbo/jamal/project/CoAP/tinyos-release/support/sdk/c/coap/coap.h...
Generating code for file /home/jumbo/jamal/project/CoAP/tinyos-release/support/sdk/c/coap/config.h...
Generating code for file /home/jumbo/jamal/project/CoAP/tinyos-release/support/sdk/c/coap/debug.c...
Generating code for file /home/jumbo/jamal/project/CoAP/tinyos-release/support/sdk/c/coap/debug.h...
Generating code for file /home/jumbo/jamal/project/CoAP/tinyos-release/support/sdk/c/coap/encode.c...
Generating code for file /home/jumbo/jamal/project/CoAP/tinyos-release/support/sdk/c/coap/encode.h...
Generating code for file /home/jumbo/jamal/project/CoAP/tinyos-release/support/sdk/c/coap/examples/client.c...
Generating code for file /home/jumbo/jamal/project/CoAP/tinyos-release/support/sdk/c/coap/examples/server.c...
Generating code for file /home/jumbo/jamal/project/CoAP/tinyos-release/support/sdk/c/coap/examples/tiny.c...
Generating code for file /home/jumbo/jamal/project/CoAP/tinyos-release/support/sdk/c/coap/list.c...
Generating code for file /home/jumbo/jamal/project/CoAP/tinyos-release/support/sdk/c/coap/list.h...
Generating code for file /home/jumbo/jamal/project/CoAP/tinyos-release/support/sdk/c/coap/mem.h...
Generating code for file /home/jumbo/jamal/project/CoAP/tinyos-release/support/sdk/c/coap/net.c...
Generating code for file /home/jumbo/jamal/project/CoAP/tinyos-release/support/sdk/c/coap/net.h...
Generating code for file /home/jumbo/jamal/project/CoAP/tinyos-release/support/sdk/c/coap/pdu.c...
Generating code for file /home/jumbo/jamal/project/CoAP/tinyos-release/support/sdk/c/coap/pdu.h...
Generating code for file /home/jumbo/jamal/project/CoAP/tinyos-release/support/sdk/c/coap/str.c...
Generating code for file /home/jumbo/jamal/project/CoAP/tinyos-release/support/sdk/c/coap/str.h...
Generating code for file /home/jumbo/jamal/project/CoAP/tinyos-release/support/sdk/c/coap/subscribe.c...
Generating code for file /home/jumbo/jamal/project/CoAP/tinyos-release/support/sdk/c/coap/subscribe.h...
Generating code for file /home/jumbo/jamal/project/CoAP/tinyos-release/support/sdk/c/coap/uri.c...
Generating code for file /home/jumbo/jamal/project/CoAP/t/home/jumbo/jamal/project/CoAP/tinyos-release/support/sdk/c/coap/net.h:68: warning: Member resources (variable) of class coap_context_t is not documented.
/home/jumbo/jamal/project/CoAP/tinyos-release/support/sdk/c/coap/net.h:68: warning: Member subscriptions (variable) of class coap_context_t is not documented.
/home/jumbo/jamal/project/CoAP/tinyos-release/support/sdk/c/coap/net.h:69: warning: Member sendqueue (variable) of class coap_context_t is not documented.
/home/jumbo/jamal/project/CoAP/tinyos-release/support/sdk/c/coap/net.h:69: warning: Member recvqueue (variable) of class coap_context_t is not documented.
/home/jumbo/jamal/project/CoAP/tinyos-release/support/sdk/c/coap/net.h:71: warning: Member sockfd (variable) of class coap_context_t is not documented.
/home/jumbo/jamal/project/CoAP/tinyos-release/support/sdk/c/coap/net.h:75: warning: Member reqtoken (variable) of class coap_context_t is not documented.
/home/jumbo/jamal/project/CoAP/tinyos-release/support/sdk/c/coap/net.h:76: warning: Member msg_handler)(void *, coap_queue_t *, void *) (variable) of class coap_context_t is not documented.
/home/jumbo/jamal/project/CoAP/tinyos-release/support/sdk/c/coap/net.h:77: warning: Member splitphasequeue (variable) of class coap_context_t is not documented.
/home/jumbo/jamal/project/CoAP/tinyos-release/support/sdk/c/coap/pdu.h:138: warning: Member optcnt (variable) of class coap_hdr_t is not documented.
/home/jumbo/jamal/project/CoAP/tinyos-release/support/sdk/c/coap/pdu.h:139: warning: Member type (variable) of class coap_hdr_t is not documented.
/home/jumbo/jamal/project/CoAP/tinyos-release/support/sdk/c/coap/pdu.h:140: warning: Member version (variable) of class coap_hdr_t is not documented.
/home/jumbo/jamal/project/CoAP/tinyos-release/support/sdk/c/coap/pdu.h:141: warning: Member code (variable) of class coap_hdr_t is not documented.
/home/jumbo/jamal/project/CoAP/tinyos-release/support/sdk/c/coap/pdu.h:142: warning: Member id (variable) of class coap_hdr_t is not documented.
/home/jumbo/jamal/project/CoAP/tinyos-release/support/sdk/c/coap/list.h:24: warning: Member next (variable) of class coap_linkedlistnode is not documented.
/home/jumbo/jamal/project/CoAP/tinyos-release/support/sdk/c/coap/list.h:25: warning: Member data (variable) of class coap_linkedlistnode is not documented.
/home/jumbo/jamal/project/CoAP/tinyos-release/support/sdk/c/coap/net.h:39: warning: Member next (variable) of class coap_listnode is not documented.
/home/jumbo/jamal/project/CoAP/tinyos-release/support/sdk/c/coap/net.h:42: warning: Member t (variable) of class coap_listnode is not documented.
/home/jumbo/jamal/project/CoAP/tinyos-release/support/sdk/c/coap/net.h:44: warning: Member retransmit_cnt (variable) of class coap_listnode is not documented.
/home/jumbo/jamal/project/CoAP/tinyos-release/support/sdk/c/coap/net.h:46: warning: Member remote (variable) of class coap_listnode is not documented.
/home/jumbo/jamal/project/CoAP/tinyos-release/support/sdk/c/coap/net.h:48: warning: Member pdu (variable) of class coap_listnode is not documented.
/home/jumbo/jamal/project/CoAP/tinyos-release/support/sdk/c/coap/pdu.h:166: warning: Member sval (variable) of class coap_opt_t is not documented.
/home/jumbo/jamal/project/CoAP/tinyos-release/support/sdk/c/coap/pdu.h:172: warning: Member lval (variable) of class coap_opt_t is not documented.
/home/jumbo/jamal/project/CoAP/tinyos-release/support/sdk/c/coap/pdu.h:207: warning: Member key (variable) of class coap_option is not documented.
/home/jumbo/jamal/project/CoAP/tinyos-release/support/sdk/c/coap/pdu.h:208: warning: Member length (variable) of class coap_option is not documented.
/home/jumbo/jamal/project/CoAP/tinyos-release/support/sdk/c/coap/pdu.h:232: warning: Member hdr (variable) of class coap_pdu_t is not documented.
/home/jumbo/jamal/project/CoAP/tinyos-release/support/sdk/c/coap/pdu.h:233: warning: Member length (variable) of class coap_pdu_t is not documented.
/home/jumbo/jamal/project/CoAP/tinyos-release/support/sdk/c/coap/pdu.h:234: warning: Member options (variable) of class coap_pdu_t is not documented.
/home/jumbo/jamal/project/CoAP/tinyos-release/support/sdk/c/coap/pdu.h:235: warning: Member data (variable) of class coap_pdu_t is not documented.
/home/jumbo/jamal/project/CoAP/tinyos-release/support/sdk/c/coap/subscribe.h:37: warning: Member uri (variable) of class coap_resource_t is not documented.
/home/jumbo/jamal/project/CoAP/tinyos-release/support/sdk/c/coap/subscribe.h:38: warning: Member name (variable) of class coap_resource_t is not documented.
/home/jumbo/jamal/project/CoAP/tinyos-release/support/sdk/c/coap/subscribe.h:39: warning: Member mediatype (variable) of class coap_resource_t is not documented.
/home/jumbo/jamal/project/CoAP/tinyos-release/support/sdk/c/coap/subscribe.h:40: warning: Member dirty (variable) of class coap_resource_t is not documented.
/home/jumbo/jamal/project/CoAP/tinyos-release/support/sdk/c/coap/subscribe.h:41: warning: Member writable (variable) of class coap_resource_t is not documented.
/home/jumbo/jamal/project/CoAP/tinyos-release/support/sdk/c/coap/subscribe.h:42: warning: Member splitphase (variable) of class coap_resource_t is not documented.
/home/jumbo/jamal/project/CoAP/tinyos-release/support/sdk/c/coap/subscribe.h:43: warning: Member immediately (variable) of class coap_resource_t is not documented.
/home/jumbo/jamal/project/CoAP/tinyos-release/support/sdk/c/coap/subscribe.h:47: warning: Member etag[4] (variable) of class coap_resource_t is not documented.
/home/jumbo/jamal/project/CoAP/tinyos-release/support/sdk/c/coap/subscribe.h:49: warning: Member maxage (variable) of class coap_resource_t is not documented.
/home/jumbo/jamal/project/CoAP/tinyos-release/support/sdk/c/coap/subscribe.h:70: warning: Member resource (variable) of class coap_subscription_t is not documented.
/home/jumbo/jamal/project/CoAP/tinyos-release/support/sdk/c/coap/subscribe.h:72: warning: Member expires (variable) of class coap_subscription_t is not documented.
/home/jumbo/jamal/project/CoAP/tinyos-release/support/sdk/c/coap/subscribe.h:75: warning: Member subscriber (variable) of class coap_subscription_t is not documented.
/home/jumbo/jamal/project/CoAP/tinyos-release/support/sdk/c/coap/subscribe.h:76: warning: Member token (variable) of class coap_subscription_t is not documented.
/home/jumbo/jamal/project/CoAP/tinyos-release/support/sdk/c/coap/uri.h:26: warning: Member na (variable) of class coap_uri_t is not documented.
/home/jumbo/jamal/project/CoAP/tinyos-release/support/sdk/c/coap/uri.h:27: warning: Member path (variable) of class coap_uri_t is not documented.
/home/jumbo/jamal/project/CoAP/tinyos-release/support/sdk/c/coap/uri.h:28: warning: Member query (variable) of class coap_uri_t is not documented.
/home/jumbo/jamal/project/CoAP/tinyos-release/support/sdk/c/coap/str.h:26: warning: Member length (variable) of class str is not documented.
/home/jumbo/jamal/project/CoAP/tinyos-release/support/sdk/c/coap/str.h:27: warning: Member s (variable) of class str is not documented.
inyos-release/support/sdk/c/coap/uri.h...
Generating file documentation...
Generating page documentation...
Generating group documentation...
Generating class documentation...
Generating docs for compound coap_context_t...
Generating docs for compound coap_hdr_t...
Generating docs for compound coap_linkedlistnode...
Generating docs for compound coap_listnode...
Generating docs for compound coap_opt_t...
Generating docs for compound coap_option...
Generating docs for compound coap_pdu_t...
Generating docs for compound coap_resource_t...
Generating docs for compound coap_subscription_t...
Generating docs for compound coap_uri_t...
Generating docs for compound str...
Generating namespace index...
Generating graph info page...
Generating index page...
Generating page index...
Generating module index...
Generating namespace index...
Generating namespace member index...
Generating annotated compound index...
Generating alphabetical compound index...
Generating hierarchical class index...
Generating member index...
Generating file index...
Generating file member index...
Generating example index...
finalizing index lists...
symbol cache used 384/65536 hits=15275 misses=384
lookup cache used 298/65536 hits=2898 misses=312
finished...
